2025-09-25 21:27:38,716 - __main__ - INFO - Starting X-STOODERS Bot...
2025-09-25 21:27:38,761 - __main__ - INFO - Database initialized successfully
2025-09-25 21:27:38,940 - __main__ - INFO - Bot started successfully!
2025-09-25 21:27:38,940 - aiogram.dispatcher - INFO - Start polling
2025-09-25 21:27:40,416 - aiogram.dispatcher - INFO - Run polling for bot @testpiskipopi1337_bot id=8031494968 - 'opo[fpds[odpfs'
2025-09-25 21:27:40,571 - aiogram.dispatcher - ERROR - Failed to fetch updates - TelegramConflictError: Telegram server says - Conflict: can't use getUpdates method while webhook is active; use deleteWebhook to delete the webhook first
2025-09-25 21:27:40,572 - aiogram.dispatcher - WARNING - Sleep for 1.000000 seconds and try again... (tryings = 0, bot id = 8031494968)
2025-09-25 21:27:44,732 - aiogram.dispatcher - ERROR - Failed to fetch updates - TelegramConflictError: Telegram server says - Conflict: can't use getUpdates method while webhook is active; use deleteWebhook to delete the webhook first
2025-09-25 21:27:44,732 - aiogram.dispatcher - WARNING - Sleep for 1.283864 seconds and try again... (tryings = 1, bot id = 8031494968)
2025-09-25 21:27:46,151 - aiogram.dispatcher - ERROR - Failed to fetch updates - TelegramConflictError: Telegram server says - Conflict: can't use getUpdates method while webhook is active; use deleteWebhook to delete the webhook first
2025-09-25 21:27:46,151 - aiogram.dispatcher - WARNING - Sleep for 1.572108 seconds and try again... (tryings = 2, bot id = 8031494968)
2025-09-25 21:27:50,879 - aiogram.dispatcher - ERROR - Failed to fetch updates - TelegramConflictError: Telegram server says - Conflict: can't use getUpdates method while webhook is active; use deleteWebhook to delete the webhook first
2025-09-25 21:27:50,879 - aiogram.dispatcher - WARNING - Sleep for 2.135401 seconds and try again... (tryings = 3, bot id = 8031494968)
2025-09-25 21:27:53,151 - aiogram.dispatcher - ERROR - Failed to fetch updates - TelegramConflictError: Telegram server says - Conflict: can't use getUpdates method while webhook is active; use deleteWebhook to delete the webhook first
2025-09-25 21:27:53,151 - aiogram.dispatcher - WARNING - Sleep for 2.733888 seconds and try again... (tryings = 4, bot id = 8031494968)
2025-09-25 21:27:59,031 - aiogram.dispatcher - ERROR - Failed to fetch updates - TelegramConflictError: Telegram server says - Conflict: can't use getUpdates method while webhook is active; use deleteWebhook to delete the webhook first
2025-09-25 21:27:59,031 - aiogram.dispatcher - WARNING - Sleep for 3.486926 seconds and try again... (tryings = 5, bot id = 8031494968)
2025-09-25 21:28:02,656 - aiogram.dispatcher - ERROR - Failed to fetch updates - TelegramConflictError: Telegram server says - Conflict: can't use getUpdates method while webhook is active; use deleteWebhook to delete the webhook first
2025-09-25 21:28:02,656 - aiogram.dispatcher - WARNING - Sleep for 4.647020 seconds and try again... (tryings = 6, bot id = 8031494968)
2025-09-25 21:29:03,159 - __main__ - INFO - Starting X-STOODERS Bot...
2025-09-25 21:29:03,161 - __main__ - INFO - Database initialized successfully
2025-09-25 21:29:03,331 - __main__ - INFO - Bot started successfully!
2025-09-25 21:29:03,331 - aiogram.dispatcher - INFO - Start polling
2025-09-25 21:29:04,181 - aiogram.dispatcher - INFO - Run polling for bot @testpiskipopi1337_bot id=8031494968 - 'opo[fpds[odpfs'
2025-09-25 21:30:08,854 - __main__ - INFO - Starting X-STOODERS Bot...
2025-09-25 21:30:08,856 - __main__ - INFO - Database initialized successfully
2025-09-25 21:30:09,025 - __main__ - INFO - Bot started successfully!
2025-09-25 21:30:09,025 - aiogram.dispatcher - INFO - Start polling
2025-09-25 21:30:11,776 - aiogram.dispatcher - INFO - Run polling for bot @testpiskipopi1337_bot id=8031494968 - 'opo[fpds[odpfs'
2025-09-25 21:31:08,938 - __main__ - INFO - Starting X-STOODERS Bot...
2025-09-25 21:31:08,940 - __main__ - INFO - Database initialized successfully
2025-09-25 21:31:09,115 - __main__ - INFO - Bot started successfully!
2025-09-25 21:31:09,115 - aiogram.dispatcher - INFO - Start polling
2025-09-25 21:31:12,861 - aiogram.dispatcher - INFO - Run polling for bot @piskapisun1337_bot id=8361707153 - '3213213'
2025-09-25 21:31:20,859 - aiogram.event - INFO - Update id=191808705 is handled. Duration 875 ms by bot id=8361707153
2025-09-25 21:31:34,834 - aiogram.event - INFO - Update id=191808706 is handled. Duration 157 ms by bot id=8361707153
2025-09-25 21:31:36,274 - aiogram.event - INFO - Update id=191808707 is handled. Duration 187 ms by bot id=8361707153
2025-09-25 21:31:37,341 - aiogram.event - INFO - Update id=191808708 is handled. Duration 233 ms by bot id=8361707153
2025-09-25 21:31:38,346 - aiogram.event - INFO - Update id=191808709 is handled. Duration 358 ms by bot id=8361707153
2025-09-25 21:31:39,803 - aiogram.event - INFO - Update id=191808710 is handled. Duration 186 ms by bot id=8361707153
2025-09-25 21:31:44,387 - aiogram.event - INFO - Update id=191808711 is handled. Duration 250 ms by bot id=8361707153
2025-09-25 21:31:47,575 - aiogram.event - INFO - Update id=191808712 is handled. Duration 204 ms by bot id=8361707153
2025-09-25 21:31:52,659 - aiogram.event - INFO - Update id=191808713 is handled. Duration 187 ms by bot id=8361707153
2025-09-25 21:31:54,362 - aiogram.event - INFO - Update id=191808714 is handled. Duration 531 ms by bot id=8361707153
2025-09-25 21:31:55,791 - aiogram.event - INFO - Update id=191808715 is handled. Duration 186 ms by bot id=8361707153
2025-09-25 21:32:02,087 - aiogram.event - INFO - Update id=191808716 is handled. Duration 265 ms by bot id=8361707153
2025-09-25 21:32:05,290 - aiogram.event - INFO - Update id=191808717 is handled. Duration 217 ms by bot id=8361707153
2025-09-25 21:32:09,809 - aiogram.event - INFO - Update id=191808718 is handled. Duration 156 ms by bot id=8361707153
2025-09-25 21:32:13,145 - aiogram.event - INFO - Update id=191808719 is handled. Duration 218 ms by bot id=8361707153
2025-09-25 21:32:15,618 - aiogram.event - INFO - Update id=191808720 is handled. Duration 327 ms by bot id=8361707153
2025-09-25 21:32:17,196 - aiogram.event - INFO - Update id=191808721 is handled. Duration 188 ms by bot id=8361707153
2025-09-25 21:32:18,301 - aiogram.event - INFO - Update id=191808722 is handled. Duration 172 ms by bot id=8361707153
2025-09-25 21:32:24,346 - aiogram.event - INFO - Update id=191808723 is handled. Duration 172 ms by bot id=8361707153
2025-09-25 21:32:25,866 - aiogram.event - INFO - Update id=191808724 is handled. Duration 172 ms by bot id=8361707153
2025-09-25 21:32:39,304 - aiogram.event - INFO - Update id=191808725 is not handled. Duration 0 ms by bot id=8361707153
2025-09-25 21:32:46,079 - aiogram.event - INFO - Update id=191808726 is handled. Duration 1063 ms by bot id=8361707153
2025-09-25 21:33:29,187 - aiogram.event - INFO - Update id=191808727 is not handled. Duration 1141 ms by bot id=8361707153
2025-09-25 21:33:29,188 - aiogram.event - ERROR - Cause exception while process update id=191808727 by bot id=8361707153
TelegramBadRequest: Telegram server says - Bad Request: business connection not found
Traceback (most recent call last):
  File "C:\Users\GODSYSTEM\AppData\Local\Programs\Python\Python312\Lib\site-packages\aiogram\dispatcher\dispatcher.py", line 309, in _process_update
    response = await self.feed_update(bot, update, **kwargs)
               ^^^^^^^^^^^^^^^^^^^^^^^^^^^^^^^^^^^^^^^^^^^^^
  File "C:\Users\GODSYSTEM\AppData\Local\Programs\Python\Python312\Lib\site-packages\aiogram\dispatcher\dispatcher.py", line 158, in feed_update
    response = await self.update.wrap_outer_middleware(
               ^^^^^^^^^^^^^^^^^^^^^^^^^^^^^^^^^^^^^^^^
  File "C:\Users\GODSYSTEM\AppData\Local\Programs\Python\Python312\Lib\site-packages\aiogram\dispatcher\middlewares\error.py", line 25, in __call__
    return await handler(event, data)
           ^^^^^^^^^^^^^^^^^^^^^^^^^^
  File "C:\Users\GODSYSTEM\AppData\Local\Programs\Python\Python312\Lib\site-packages\aiogram\dispatcher\middlewares\user_context.py", line 49, in __call__
    return await handler(event, data)
           ^^^^^^^^^^^^^^^^^^^^^^^^^^
  File "C:\Users\GODSYSTEM\AppData\Local\Programs\Python\Python312\Lib\site-packages\aiogram\fsm\middleware.py", line 42, in __call__
    return await handler(event, data)
           ^^^^^^^^^^^^^^^^^^^^^^^^^^
  File "C:\Users\GODSYSTEM\AppData\Local\Programs\Python\Python312\Lib\site-packages\aiogram\dispatcher\event\telegram.py", line 121, in trigger
    return await wrapped_inner(event, kwargs)
           ^^^^^^^^^^^^^^^^^^^^^^^^^^^^^^^^^^
  File "C:\Users\GODSYSTEM\AppData\Local\Programs\Python\Python312\Lib\site-packages\aiogram\dispatcher\event\handler.py", line 43, in call
    return await wrapped()
           ^^^^^^^^^^^^^^^
  File "C:\Users\GODSYSTEM\AppData\Local\Programs\Python\Python312\Lib\site-packages\aiogram\dispatcher\dispatcher.py", line 276, in _listen_update
    return await self.propagate_event(update_type=update_type, event=event, **kwargs)
           ^^^^^^^^^^^^^^^^^^^^^^^^^^^^^^^^^^^^^^^^^^^^^^^^^^^^^^^^^^^^^^^^^^^^^^^^^^
  File "C:\Users\GODSYSTEM\AppData\Local\Programs\Python\Python312\Lib\site-packages\aiogram\dispatcher\router.py", line 142, in propagate_event
    return await observer.wrap_outer_middleware(_wrapped, event=event, data=kwargs)
           ^^^^^^^^^^^^^^^^^^^^^^^^^^^^^^^^^^^^^^^^^^^^^^^^^^^^^^^^^^^^^^^^^^^^^^^^
  File "C:\Users\GODSYSTEM\AppData\Local\Programs\Python\Python312\Lib\site-packages\aiogram\dispatcher\router.py", line 137, in _wrapped
    return await self._propagate_event(
           ^^^^^^^^^^^^^^^^^^^^^^^^^^^^
  File "C:\Users\GODSYSTEM\AppData\Local\Programs\Python\Python312\Lib\site-packages\aiogram\dispatcher\router.py", line 170, in _propagate_event
    response = await router.propagate_event(update_type=update_type, event=event, **kwargs)
               ^^^^^^^^^^^^^^^^^^^^^^^^^^^^^^^^^^^^^^^^^^^^^^^^^^^^^^^^^^^^^^^^^^^^^^^^^^^^
  File "C:\Users\GODSYSTEM\AppData\Local\Programs\Python\Python312\Lib\site-packages\aiogram\dispatcher\router.py", line 142, in propagate_event
    return await observer.wrap_outer_middleware(_wrapped, event=event, data=kwargs)
           ^^^^^^^^^^^^^^^^^^^^^^^^^^^^^^^^^^^^^^^^^^^^^^^^^^^^^^^^^^^^^^^^^^^^^^^^
  File "C:\Users\GODSYSTEM\AppData\Local\Programs\Python\Python312\Lib\site-packages\aiogram\dispatcher\router.py", line 137, in _wrapped
    return await self._propagate_event(
           ^^^^^^^^^^^^^^^^^^^^^^^^^^^^
  File "C:\Users\GODSYSTEM\AppData\Local\Programs\Python\Python312\Lib\site-packages\aiogram\dispatcher\router.py", line 162, in _propagate_event
    response = await observer.trigger(event, **kwargs)
               ^^^^^^^^^^^^^^^^^^^^^^^^^^^^^^^^^^^^^^^
  File "C:\Users\GODSYSTEM\AppData\Local\Programs\Python\Python312\Lib\site-packages\aiogram\dispatcher\event\telegram.py", line 121, in trigger
    return await wrapped_inner(event, kwargs)
           ^^^^^^^^^^^^^^^^^^^^^^^^^^^^^^^^^^
  File "C:\Users\GODSYSTEM\AppData\Local\Programs\Python\Python312\Lib\site-packages\aiogram\dispatcher\event\handler.py", line 43, in call
    return await wrapped()
           ^^^^^^^^^^^^^^^
  File "D:\все мои проекты\X-STOODERS бот магазин\x_stooders_bot\handlers\admin.py", line 198, in confirm_payment
    await callback.message.edit_caption(
  File "C:\Users\GODSYSTEM\AppData\Local\Programs\Python\Python312\Lib\site-packages\aiogram\methods\base.py", line 84, in emit
    return await bot(self)
           ^^^^^^^^^^^^^^^
  File "C:\Users\GODSYSTEM\AppData\Local\Programs\Python\Python312\Lib\site-packages\aiogram\client\bot.py", line 485, in __call__
    return await self.session(self, method, timeout=request_timeout)
           ^^^^^^^^^^^^^^^^^^^^^^^^^^^^^^^^^^^^^^^^^^^^^^^^^^^^^^^^^
  File "C:\Users\GODSYSTEM\AppData\Local\Programs\Python\Python312\Lib\site-packages\aiogram\client\session\base.py", line 254, in __call__
    return cast(TelegramType, await middleware(bot, method))
                              ^^^^^^^^^^^^^^^^^^^^^^^^^^^^^
  File "C:\Users\GODSYSTEM\AppData\Local\Programs\Python\Python312\Lib\site-packages\aiogram\client\session\aiohttp.py", line 189, in make_request
    response = self.check_response(
               ^^^^^^^^^^^^^^^^^^^^
  File "C:\Users\GODSYSTEM\AppData\Local\Programs\Python\Python312\Lib\site-packages\aiogram\client\session\base.py", line 120, in check_response
    raise TelegramBadRequest(method=method, message=description)
aiogram.exceptions.TelegramBadRequest: Telegram server says - Bad Request: business connection not found
2025-09-25 21:34:42,603 - __main__ - INFO - Starting X-STOODERS Bot...
2025-09-25 21:34:42,605 - __main__ - INFO - Database initialized successfully
2025-09-25 21:34:42,784 - __main__ - INFO - Bot started successfully!
2025-09-25 21:34:42,784 - aiogram.dispatcher - INFO - Start polling
2025-09-25 21:34:44,223 - aiogram.dispatcher - INFO - Run polling for bot @piskapisun1337_bot id=8361707153 - '3213213'
2025-09-25 21:34:45,228 - aiogram.event - INFO - Update id=191808728 is handled. Duration 875 ms by bot id=8361707153
2025-09-25 21:34:45,242 - aiogram.event - INFO - Update id=191808729 is handled. Duration 875 ms by bot id=8361707153
2025-09-25 21:35:06,997 - aiogram.event - INFO - Update id=191808730 is handled. Duration 733 ms by bot id=8361707153
2025-09-25 21:35:12,833 - __main__ - INFO - Starting X-STOODERS Bot...
2025-09-25 21:35:12,836 - __main__ - INFO - Database initialized successfully
2025-09-25 21:35:13,003 - __main__ - INFO - Bot started successfully!
2025-09-25 21:35:13,004 - aiogram.dispatcher - INFO - Start polling
2025-09-25 21:35:45,075 - aiogram.event - INFO - Update id=191808732 is handled. Duration 922 ms by bot id=8361707153
2025-09-25 21:35:51,131 - aiogram.event - INFO - Update id=191808731 is handled. Duration 17827 ms by bot id=8361707153
2025-09-25 21:35:52,822 - aiogram.event - INFO - Update id=191808733 is handled. Duration 188 ms by bot id=8361707153
2025-09-25 21:35:54,636 - aiogram.dispatcher - INFO - Polling stopped
2025-09-25 21:35:54,888 - __main__ - ERROR - Bot error: Telegram server says - Bad Gateway
2025-09-25 21:35:54,888 - __main__ - INFO - Bot session closed
2025-09-25 21:35:55,119 - aiogram.event - INFO - Update id=191808734 is handled. Duration 233 ms by bot id=8361707153
2025-09-25 21:35:56,833 - aiogram.event - INFO - Update id=191808735 is handled. Duration 125 ms by bot id=8361707153
2025-09-25 21:35:59,308 - aiogram.event - INFO - Update id=191808736 is handled. Duration 156 ms by bot id=8361707153
2025-09-25 21:36:15,267 - aiogram.event - INFO - Update id=191808737 is handled. Duration 921 ms by bot id=8361707153
2025-09-25 21:36:16,579 - aiogram.event - INFO - Update id=191808738 is handled. Duration 250 ms by bot id=8361707153
2025-09-25 21:36:19,404 - aiogram.event - INFO - Update id=191808739 is handled. Duration 327 ms by bot id=8361707153
2025-09-25 21:36:24,020 - aiogram.event - INFO - Update id=191808740 is handled. Duration 186 ms by bot id=8361707153
2025-09-25 21:36:36,457 - __main__ - INFO - Starting X-STOODERS Bot...
2025-09-25 21:36:36,460 - __main__ - INFO - Database initialized successfully
2025-09-25 21:36:36,657 - __main__ - INFO - Bot started successfully!
2025-09-25 21:36:36,657 - aiogram.dispatcher - INFO - Start polling
2025-09-25 21:36:37,454 - aiogram.dispatcher - INFO - Run polling for bot @piskapisun1337_bot id=8361707153 - '3213213'
2025-09-25 21:36:37,522 - __main__ - INFO - Starting X-STOODERS Bot...
2025-09-25 21:36:37,524 - __main__ - INFO - Database initialized successfully
2025-09-25 21:36:37,690 - __main__ - INFO - Bot started successfully!
2025-09-25 21:36:37,690 - aiogram.dispatcher - INFO - Start polling
2025-09-25 21:36:38,344 - aiogram.event - INFO - Update id=191808741 is handled. Duration 733 ms by bot id=8361707153
2025-09-25 21:36:38,642 - aiogram.dispatcher - INFO - Run polling for bot @piskapisun1337_bot id=8361707153 - '3213213'
2025-09-25 21:36:38,776 - aiogram.dispatcher - ERROR - Failed to fetch updates - TelegramConflictError: Telegram server says - Conflict: terminated by other getUpdates request; make sure that only one bot instance is running
2025-09-25 21:36:38,777 - aiogram.dispatcher - WARNING - Sleep for 1.000000 seconds and try again... (tryings = 0, bot id = 8361707153)
2025-09-25 21:36:42,915 - aiogram.dispatcher - ERROR - Failed to fetch updates - TelegramConflictError: Telegram server says - Conflict: terminated by other getUpdates request; make sure that only one bot instance is running
2025-09-25 21:36:42,916 - aiogram.dispatcher - WARNING - Sleep for 1.000000 seconds and try again... (tryings = 0, bot id = 8361707153)
2025-09-25 21:36:44,064 - aiogram.dispatcher - ERROR - Failed to fetch updates - TelegramConflictError: Telegram server says - Conflict: terminated by other getUpdates request; make sure that only one bot instance is running
2025-09-25 21:36:44,064 - aiogram.dispatcher - WARNING - Sleep for 1.372825 seconds and try again... (tryings = 1, bot id = 8361707153)
2025-09-25 21:36:48,561 - aiogram.dispatcher - ERROR - Failed to fetch updates - TelegramConflictError: Telegram server says - Conflict: terminated by other getUpdates request; make sure that only one bot instance is running
2025-09-25 21:36:48,561 - aiogram.dispatcher - WARNING - Sleep for 1.364772 seconds and try again... (tryings = 1, bot id = 8361707153)
2025-09-25 21:36:50,071 - aiogram.dispatcher - ERROR - Failed to fetch updates - TelegramConflictError: Telegram server says - Conflict: terminated by other getUpdates request; make sure that only one bot instance is running
2025-09-25 21:36:50,071 - aiogram.dispatcher - WARNING - Sleep for 1.647612 seconds and try again... (tryings = 2, bot id = 8361707153)
2025-09-25 21:36:51,788 - aiogram.dispatcher - INFO - Connection established (tryings = 2, bot id = 8361707153)
2025-09-25 21:36:51,851 - aiogram.dispatcher - INFO - Connection established (tryings = 3, bot id = 8361707153)
2025-09-25 21:36:52,043 - aiogram.event - INFO - Update id=191808742 is handled. Duration 186 ms by bot id=8361707153
2025-09-25 21:36:52,733 - aiogram.event - INFO - Update id=191808742 is handled. Duration 938 ms by bot id=8361707153
2025-09-25 21:36:54,977 - aiogram.dispatcher - ERROR - Failed to fetch updates - TelegramConflictError: Telegram server says - Conflict: terminated by other getUpdates request; make sure that only one bot instance is running
2025-09-25 21:36:54,977 - aiogram.dispatcher - WARNING - Sleep for 1.000000 seconds and try again... (tryings = 0, bot id = 8361707153)
2025-09-25 21:36:56,122 - aiogram.dispatcher - ERROR - Failed to fetch updates - TelegramConflictError: Telegram server says - Conflict: terminated by other getUpdates request; make sure that only one bot instance is running
2025-09-25 21:36:56,122 - aiogram.dispatcher - WARNING - Sleep for 1.000000 seconds and try again... (tryings = 0, bot id = 8361707153)
2025-09-25 21:36:59,232 - aiogram.dispatcher - INFO - Connection established (tryings = 1, bot id = 8361707153)
2025-09-25 21:36:59,509 - aiogram.event - INFO - Update id=191808743 is handled. Duration 280 ms by bot id=8361707153
2025-09-25 21:37:39,138 - aiogram.event - INFO - Update id=191808744 is handled. Duration 1061 ms by bot id=8361707153
2025-09-25 21:37:45,101 - aiogram.event - INFO - Update id=191808745 is handled. Duration 594 ms by bot id=8361707153
2025-09-25 21:37:51,400 - aiogram.event - INFO - Update id=191808746 is handled. Duration 266 ms by bot id=8361707153
2025-09-25 21:38:05,722 - aiogram.event - INFO - Update id=191808747 is handled. Duration 172 ms by bot id=8361707153
2025-09-25 21:38:17,758 - aiogram.event - INFO - Update id=191808748 is handled. Duration 186 ms by bot id=8361707153
2025-09-25 21:39:28,526 - aiogram.event - INFO - Update id=191808749 is handled. Duration 1562 ms by bot id=8361707153
2025-09-25 21:39:28,884 - aiogram.event - INFO - Update id=191808750 is handled. Duration 171 ms by bot id=8361707153
2025-09-25 21:39:31,189 - aiogram.event - INFO - Update id=191808751 is handled. Duration 188 ms by bot id=8361707153
2025-09-25 21:39:36,322 - aiogram.event - INFO - Update id=191808752 is handled. Duration 172 ms by bot id=8361707153
2025-09-25 21:39:37,541 - aiogram.event - INFO - Update id=191808753 is handled. Duration 186 ms by bot id=8361707153
2025-09-25 21:39:52,572 - aiogram.event - INFO - Update id=191808754 is handled. Duration 172 ms by bot id=8361707153
2025-09-25 21:39:54,678 - aiogram.event - INFO - Update id=191808755 is handled. Duration 172 ms by bot id=8361707153
2025-09-25 21:40:36,481 - aiogram.event - INFO - Update id=191808756 is handled. Duration 891 ms by bot id=8361707153
2025-09-25 21:40:37,734 - aiogram.event - INFO - Update id=191808757 is handled. Duration 344 ms by bot id=8361707153
2025-09-25 21:40:39,302 - aiogram.event - INFO - Update id=191808758 is handled. Duration 172 ms by bot id=8361707153
2025-09-25 21:41:34,848 - aiogram.event - INFO - Update id=191808759 is handled. Duration 890 ms by bot id=8361707153
2025-09-25 21:41:37,087 - aiogram.event - INFO - Update id=191808760 is handled. Duration 172 ms by bot id=8361707153
2025-09-25 21:41:40,685 - aiogram.event - INFO - Update id=191808761 is handled. Duration 218 ms by bot id=8361707153
2025-09-25 21:41:42,723 - aiogram.event - INFO - Update id=191808762 is handled. Duration 156 ms by bot id=8361707153
2025-09-25 21:41:46,932 - aiogram.event - INFO - Update id=191808763 is handled. Duration 141 ms by bot id=8361707153
2025-09-25 21:41:49,446 - aiogram.event - INFO - Update id=191808764 is handled. Duration 172 ms by bot id=8361707153
2025-09-25 21:43:17,241 - aiogram.event - INFO - Update id=191808765 is handled. Duration 1047 ms by bot id=8361707153
2025-09-25 21:43:20,487 - aiogram.event - INFO - Update id=191808766 is handled. Duration 313 ms by bot id=8361707153
2025-09-25 21:43:23,853 - aiogram.event - INFO - Update id=191808767 is handled. Duration 188 ms by bot id=8361707153
2025-09-25 21:43:54,536 - aiogram.event - INFO - Update id=191808768 is handled. Duration 782 ms by bot id=8361707153
2025-09-25 21:43:59,140 - aiogram.event - INFO - Update id=191808769 is handled. Duration 218 ms by bot id=8361707153
2025-09-25 21:50:51,229 - __main__ - INFO - Starting X-STOODERS Bot...
2025-09-25 21:50:51,231 - __main__ - INFO - Database initialized successfully
2025-09-25 21:50:51,409 - __main__ - INFO - Bot started successfully!
2025-09-25 21:50:51,409 - aiogram.dispatcher - INFO - Start polling
2025-09-25 21:50:52,779 - aiogram.dispatcher - INFO - Run polling for bot @piskapisun1337_bot id=8361707153 - '3213213'
2025-09-25 22:27:37,568 - aiogram.dispatcher - ERROR - Failed to fetch updates - TelegramNetworkError: HTTP Client says - ClientOSError: [WinError 1236] Подключение к сети было разорвано локальной системой
2025-09-25 22:27:37,574 - aiogram.dispatcher - WARNING - Sleep for 1.000000 seconds and try again... (tryings = 0, bot id = 8361707153)
